<?xml version="1.0" encoding="UTF-8"?>
<!-- Generated by org.testng.reporters.JUnitReportReporter -->
<testsuite hostname="DESKTOP-BVD4MT9" failures="0" tests="1" name="hw15.Using_getText_method" time="0.031" errors="0" timestamp="2022-07-03T16:56:38 EDT" skipped="0">
  <testcase classname="hw15.Using_getText_method" name="getText" time="0.031"/>
  <system-out/>
</testsuite> <!-- hw15.Using_getText_method -->
