<?xml version="1.0" encoding="UTF-8"?>
<!-- Generated by org.testng.reporters.JUnitReportReporter -->
<testsuite hostname="DESKTOP-BVD4MT9" failures="0" tests="1" name="hw15.Using_getCurrentUrl_method" time="7.035" errors="0" timestamp="2022-07-03T16:46:56 EDT" skipped="0">
  <testcase classname="hw15.Using_getCurrentUrl_method" name="getUrl" time="7.035"/>
  <system-out/>
</testsuite> <!-- hw15.Using_getCurrentUrl_method -->
