<?xml version="1.0" encoding="UTF-8"?>
<!-- Generated by org.testng.reporters.JUnitReportReporter -->
<testsuite hostname="DESKTOP-BVD4MT9" failures="0" tests="1" name="hw16.MouseHoverAction" time="5.244" errors="0" timestamp="2022-07-29T12:49:55 EDT" skipped="0">
  <testcase classname="hw16.MouseHoverAction" name="mouseHover" time="5.244"/>
  <system-out/>
</testsuite> <!-- hw16.MouseHoverAction -->
