<?xml version="1.0" encoding="UTF-8"?>
<!-- Generated by org.testng.reporters.JUnitReportReporter -->
<testsuite hostname="DESKTOP-BVD4MT9" failures="0" tests="1" name="hw15.Using_clear_method" time="24.385" errors="0" timestamp="2022-07-03T17:43:19 EDT" skipped="0">
  <testcase classname="hw15.Using_clear_method" name="clickMethod" time="24.385"/>
  <system-out/>
</testsuite> <!-- hw15.Using_clear_method -->
