<?xml version="1.0" encoding="UTF-8"?>
<!-- Generated by org.testng.reporters.JUnitReportReporter -->
<testsuite hostname="DESKTOP-BVD4MT9" failures="0" tests="3" name="hw16.Hover_action" time="5.127" errors="0" timestamp="2022-07-20T22:51:09 EDT" skipped="2">
  <testcase classname="hw16.Hover_action" name="dropDown3" time="5.127"/>
  <system-out/>
  <testcase classname="hw16.Hover_action" name="dropDown">
    <skipped/>
  </testcase> <!-- dropDown -->
  <system-out/>
  <testcase classname="hw16.Hover_action" name="dropDown2">
    <skipped/>
  </testcase> <!-- dropDown2 -->
  <system-out/>
</testsuite> <!-- hw16.Hover_action -->
