<?xml version="1.0" encoding="UTF-8"?>
<!-- Generated by org.testng.reporters.JUnitReportReporter -->
<testsuite hostname="DESKTOP-BVD4MT9" failures="0" tests="1" name="Using_isEnable_method" time="5.052" errors="0" timestamp="2022-06-29T21:01:01 EDT" skipped="0">
  <testcase classname="Using_isEnable_method" name="isEnableMethod" time="5.052"/>
  <system-out/>
</testsuite> <!-- Using_isEnable_method -->
