<?xml version="1.0" encoding="UTF-8"?>
<!-- Generated by org.testng.reporters.JUnitReportReporter -->
<testsuite hostname="DESKTOP-BVD4MT9" failures="0" tests="1" name="hw14.Click_method_by_using_cssSelector" time="5.242" errors="0" timestamp="2022-06-29T20:23:37 EDT" skipped="0">
  <testcase classname="hw14.Click_method_by_using_cssSelector" name="clickTest" time="5.242"/>
  <system-out/>
</testsuite> <!-- hw14.Click_method_by_using_cssSelector -->
