<?xml version="1.0" encoding="UTF-8"?>
<!-- Generated by org.testng.reporters.JUnitReportReporter -->
<testsuite hostname="DESKTOP-BVD4MT9" failures="0" tests="1" name="hw16.FireFox" time="0.471" errors="0" timestamp="2022-07-29T13:13:39 EDT" skipped="0">
  <testcase classname="hw16.FireFox" name="usingFireFox" time="0.471"/>
  <system-out/>
</testsuite> <!-- hw16.FireFox -->
