<?xml version="1.0" encoding="UTF-8"?>
<!-- Generated by org.testng.reporters.JUnitReportReporter -->
<testsuite hostname="DESKTOP-BVD4MT9" failures="0" tests="1" name="hw15.ClickMethod" time="5.562" errors="0" timestamp="2022-07-03T17:46:49 EDT" skipped="0">
  <testcase classname="hw15.ClickMethod" name="clickMethod" time="5.562"/>
  <system-out/>
</testsuite> <!-- hw15.ClickMethod -->
